# JRE version: OpenJDK Runtime Environment (8.0) (build 1.8.0-adoptopenjdk-_2018_05_19_00_59-b00)
# Java VM: OpenJDK 64-Bit Server VM (25.71-b00 mixed mode windows-amd64 compressed oops)
Heap:
 PSYoungGen      total 15360K, used 7987K [0x00000000eed80000, 0x00000000efe80000, 0x0000000100000000)
  eden space 13312K, 44% used [0x00000000eed80000,0x00000000ef350d38,0x00000000efa80000)
  from space 2048K, 99% used [0x00000000efc80000,0x00000000efe7c010,0x00000000efe80000)
  to   space 2048K, 0% used [0x00000000efa80000,0x00000000efa80000,0x00000000efc80000)
 ParOldGen       total 35840K, used 2436K [0x00000000cc800000, 0x00000000ceb00000, 0x00000000eed80000)
  object space 35840K, 6% used [0x00000000cc800000,0x00000000cca613d0,0x00000000ceb00000)
 Metaspace       used 8345K, capacity 8506K, committed 8576K, reserved 1058816K
  class space    used 1079K, capacity 1134K, committed 1152K, reserved 1048576K
GC Heap History (4 events):
Event: 0.964 GC heap before
{Heap before GC invocations=1 (full 0):
 PSYoungGen      total 15360K, used 13312K [0x00000000eed80000, 0x00000000efe80000, 0x0000000100000000)
  eden space 13312K, 100% used [0x00000000eed80000,0x00000000efa80000,0x00000000efa80000)
  from space 2048K, 0% used [0x00000000efc80000,0x00000000efc80000,0x00000000efe80000)
  to   space 2048K, 0% used [0x00000000efa80000,0x00000000efa80000,0x00000000efc80000)
 ParOldGen       total 35840K, used 0K [0x00000000cc800000, 0x00000000ceb00000, 0x00000000eed80000)
  object space 35840K, 0% used [0x00000000cc800000,0x00000000cc800000,0x00000000ceb00000)
 Metaspace       used 4491K, capacity 5272K, committed 5504K, reserved 1056768K
  class space    used 531K, capacity 568K, committed 640K, reserved 1048576K
Event: 0.971 GC heap after
Heap after GC invocations=1 (full 0):
 PSYoungGen      total 15360K, used 1907K [0x00000000eed80000, 0x00000000efe80000, 0x0000000100000000)
  eden space 13312K, 0% used [0x00000000eed80000,0x00000000eed80000,0x00000000efa80000)
  from space 2048K, 93% used [0x00000000efa80000,0x00000000efc5ce00,0x00000000efc80000)
  to   space 2048K, 0% used [0x00000000efc80000,0x00000000efc80000,0x00000000efe80000)
 ParOldGen       total 35840K, used 8K [0x00000000cc800000, 0x00000000ceb00000, 0x00000000eed80000)
  object space 35840K, 0% used [0x00000000cc800000,0x00000000cc802000,0x00000000ceb00000)
 Metaspace       used 4491K, capacity 5272K, committed 5504K, reserved 1056768K
  class space    used 531K, capacity 568K, committed 640K, reserved 1048576K
}
Event: 2.057 GC heap before
{Heap before GC invocations=2 (full 0):
 PSYoungGen      total 15360K, used 15219K [0x00000000eed80000, 0x00000000efe80000, 0x0000000100000000)
  eden space 13312K, 100% used [0x00000000eed80000,0x00000000efa80000,0x00000000efa80000)
  from space 2048K, 93% used [0x00000000efa80000,0x00000000efc5ce00,0x00000000efc80000)
  to   space 2048K, 0% used [0x00000000efc80000,0x00000000efc80000,0x00000000efe80000)
 ParOldGen       total 35840K, used 8K [0x00000000cc800000, 0x00000000ceb00000, 0x00000000eed80000)
  object space 35840K, 0% used [0x00000000cc800000,0x00000000cc802000,0x00000000ceb00000)
 Metaspace       used 7561K, capacity 7770K, committed 8064K, reserved 1056768K
  class space    used 987K, capacity 1038K, committed 1152K, reserved 1048576K
Event: 2.064 GC heap after
Heap after GC invocations=2 (full 0):
 PSYoungGen      total 15360K, used 2038K [0x00000000eed80000, 0x00000000efe80000, 0x0000000100000000)
  eden space 13312K, 0% used [0x00000000eed80000,0x00000000eed80000,0x00000000efa80000)
  from space 2048K, 99% used [0x00000000efc80000,0x00000000efe7d9c8,0x00000000efe80000)
  to   space 2048K, 0% used [0x00000000efa80000,0x00000000efa80000,0x00000000efc80000)
 ParOldGen       total 35840K, used 1192K [0x00000000cc800000, 0x00000000ceb00000, 0x00000000eed80000)
  object space 35840K, 3% used [0x00000000cc800000,0x00000000cc92a380,0x00000000ceb00000)
 Metaspace       used 7561K, capacity 7770K, committed 8064K, reserved 1056768K
  class space    used 987K, capacity 1038K, committed 1152K, reserved 1048576K
}

